usage: java org.apache.catalina.startup.Catalina [ -config {pathname} ] [ -nonaming ]  { -help | start | stop }
13-Feb-2018 15:43:22.502 INFO [main] org.apache.catalina.startup.VersionLoggerListener.log Server version:        Apache Tomcat/9.0.4
13-Feb-2018 15:43:22.509 INFO [main] org.apache.catalina.startup.VersionLoggerListener.log Server built:          Jan 18 2018 19:42:17 UTC
13-Feb-2018 15:43:22.509 INFO [main] org.apache.catalina.startup.VersionLoggerListener.log Server number:         9.0.4.0
13-Feb-2018 15:43:22.509 INFO [main] org.apache.catalina.startup.VersionLoggerListener.log OS Name:               Mac OS X
13-Feb-2018 15:43:22.509 INFO [main] org.apache.catalina.startup.VersionLoggerListener.log OS Version:            10.12.6
13-Feb-2018 15:43:22.509 INFO [main] org.apache.catalina.startup.VersionLoggerListener.log Architecture:          x86_64
13-Feb-2018 15:43:22.509 INFO [main] org.apache.catalina.startup.VersionLoggerListener.log Java Home:             /Library/Java/JavaVirtualMachines/jdk1.8.0_131.jdk/Contents/Home/jre
13-Feb-2018 15:43:22.509 INFO [main] org.apache.catalina.startup.VersionLoggerListener.log JVM Version:           1.8.0_131-b11
13-Feb-2018 15:43:22.509 INFO [main] org.apache.catalina.startup.VersionLoggerListener.log JVM Vendor:            Oracle Corporation
13-Feb-2018 15:43:22.509 INFO [main] org.apache.catalina.startup.VersionLoggerListener.log CATALINA_BASE:         /Users/Nishant/Documents/UCD/UCD Senior/ECS 193A/Project/swq_viz_jena/MyDir/tomcat
13-Feb-2018 15:43:22.510 INFO [main] org.apache.catalina.startup.VersionLoggerListener.log CATALINA_HOME:         /Users/Nishant/Documents/UCD/UCD Senior/ECS 193A/Project/swq_viz_jena/MyDir/tomcat
13-Feb-2018 15:43:22.510 INFO [main] org.apache.catalina.startup.VersionLoggerListener.log Command line argument: -Djava.util.logging.config.file=/Users/Nishant/Documents/UCD/UCD Senior/ECS 193A/Project/swq_viz_jena/MyDir/tomcat/conf/logging.properties
13-Feb-2018 15:43:22.510 INFO [main] org.apache.catalina.startup.VersionLoggerListener.log Command line argument: -Djava.util.logging.manager=org.apache.juli.ClassLoaderLogManager
13-Feb-2018 15:43:22.510 INFO [main] org.apache.catalina.startup.VersionLoggerListener.log Command line argument: -Djdk.tls.ephemeralDHKeySize=2048
13-Feb-2018 15:43:22.510 INFO [main] org.apache.catalina.startup.VersionLoggerListener.log Command line argument: -Djava.protocol.handler.pkgs=org.apache.catalina.webresources
13-Feb-2018 15:43:22.511 INFO [main] org.apache.catalina.startup.VersionLoggerListener.log Command line argument: -Dignore.endorsed.dirs=
13-Feb-2018 15:43:22.511 INFO [main] org.apache.catalina.startup.VersionLoggerListener.log Command line argument: -Dcatalina.base=/Users/Nishant/Documents/UCD/UCD Senior/ECS 193A/Project/swq_viz_jena/MyDir/tomcat
13-Feb-2018 15:43:22.511 INFO [main] org.apache.catalina.startup.VersionLoggerListener.log Command line argument: -Dcatalina.home=/Users/Nishant/Documents/UCD/UCD Senior/ECS 193A/Project/swq_viz_jena/MyDir/tomcat
13-Feb-2018 15:43:22.511 INFO [main] org.apache.catalina.startup.VersionLoggerListener.log Command line argument: -Djava.io.tmpdir=/Users/Nishant/Documents/UCD/UCD Senior/ECS 193A/Project/swq_viz_jena/MyDir/tomcat/temp
13-Feb-2018 15:43:22.511 INFO [main] org.apache.catalina.core.AprLifecycleListener.lifecycleEvent The APR based Apache Tomcat Native library which allows optimal performance in production environments was not found on the java.library.path: [/Users/Nishant/Library/Java/Extensions:/Library/Java/Extensions:/Network/Library/Java/Extensions:/System/Library/Java/Extensions:/usr/lib/java:.]
13-Feb-2018 15:43:22.690 INFO [main] org.apache.coyote.AbstractProtocol.init Initializing ProtocolHandler ["http-nio-9999"]
13-Feb-2018 15:43:22.719 INFO [main] org.apache.tomcat.util.net.NioSelectorPool.getSharedSelector Using a shared selector for servlet write/read
13-Feb-2018 15:43:22.727 INFO [main] org.apache.coyote.AbstractProtocol.init Initializing ProtocolHandler ["ajp-nio-8009"]
13-Feb-2018 15:43:22.728 INFO [main] org.apache.tomcat.util.net.NioSelectorPool.getSharedSelector Using a shared selector for servlet write/read
13-Feb-2018 15:43:22.728 INFO [main] org.apache.catalina.startup.Catalina.load Initialization processed in 713 ms
13-Feb-2018 15:43:22.755 INFO [main] org.apache.catalina.core.StandardService.startInternal Starting service [Catalina]
13-Feb-2018 15:43:22.755 INFO [main] org.apache.catalina.core.StandardEngine.startInternal Starting Servlet Engine: Apache Tomcat/9.0.4
13-Feb-2018 15:43:22.762 INFO [main] org.apache.catalina.startup.HostConfig.deployDirectory Deploying web application directory [/Users/Nishant/Documents/UCD/UCD Senior/ECS 193A/Project/swq_viz_jena/MyDir/tomcat/webapps/docs]
13-Feb-2018 15:43:23.100 INFO [main] org.apache.catalina.startup.HostConfig.deployDirectory Deployment of web application directory [/Users/Nishant/Documents/UCD/UCD Senior/ECS 193A/Project/swq_viz_jena/MyDir/tomcat/webapps/docs] has finished in [338] ms
13-Feb-2018 15:43:23.101 INFO [main] org.apache.catalina.startup.HostConfig.deployDirectory Deploying web application directory [/Users/Nishant/Documents/UCD/UCD Senior/ECS 193A/Project/swq_viz_jena/MyDir/tomcat/webapps/examples]
13-Feb-2018 15:43:23.351 INFO [main] org.apache.catalina.startup.HostConfig.deployDirectory Deployment of web application directory [/Users/Nishant/Documents/UCD/UCD Senior/ECS 193A/Project/swq_viz_jena/MyDir/tomcat/webapps/examples] has finished in [250] ms
13-Feb-2018 15:43:23.352 INFO [main] org.apache.catalina.startup.HostConfig.deployDirectory Deploying web application directory [/Users/Nishant/Documents/UCD/UCD Senior/ECS 193A/Project/swq_viz_jena/MyDir/tomcat/webapps/hello]
13-Feb-2018 15:43:23.370 INFO [main] org.apache.catalina.startup.HostConfig.deployDirectory Deployment of web application directory [/Users/Nishant/Documents/UCD/UCD Senior/ECS 193A/Project/swq_viz_jena/MyDir/tomcat/webapps/hello] has finished in [18] ms
13-Feb-2018 15:43:23.370 INFO [main] org.apache.catalina.startup.HostConfig.deployDirectory Deploying web application directory [/Users/Nishant/Documents/UCD/UCD Senior/ECS 193A/Project/swq_viz_jena/MyDir/tomcat/webapps/host-manager]
13-Feb-2018 15:43:23.391 INFO [main] org.apache.catalina.startup.HostConfig.deployDirectory Deployment of web application directory [/Users/Nishant/Documents/UCD/UCD Senior/ECS 193A/Project/swq_viz_jena/MyDir/tomcat/webapps/host-manager] has finished in [21] ms
13-Feb-2018 15:43:23.392 INFO [main] org.apache.catalina.startup.HostConfig.deployDirectory Deploying web application directory [/Users/Nishant/Documents/UCD/UCD Senior/ECS 193A/Project/swq_viz_jena/MyDir/tomcat/webapps/manager]
13-Feb-2018 15:43:23.406 INFO [main] org.apache.catalina.startup.HostConfig.deployDirectory Deployment of web application directory [/Users/Nishant/Documents/UCD/UCD Senior/ECS 193A/Project/swq_viz_jena/MyDir/tomcat/webapps/manager] has finished in [15] ms
13-Feb-2018 15:43:23.406 INFO [main] org.apache.catalina.startup.HostConfig.deployDirectory Deploying web application directory [/Users/Nishant/Documents/UCD/UCD Senior/ECS 193A/Project/swq_viz_jena/MyDir/tomcat/webapps/ROOT]
13-Feb-2018 15:43:23.418 INFO [main] org.apache.catalina.startup.HostConfig.deployDirectory Deployment of web application directory [/Users/Nishant/Documents/UCD/UCD Senior/ECS 193A/Project/swq_viz_jena/MyDir/tomcat/webapps/ROOT] has finished in [11] ms
13-Feb-2018 15:43:23.420 INFO [main] org.apache.coyote.AbstractProtocol.start Starting ProtocolHandler ["http-nio-9999"]
13-Feb-2018 15:43:23.426 INFO [main] org.apache.coyote.AbstractProtocol.start Starting ProtocolHandler ["ajp-nio-8009"]
13-Feb-2018 15:43:23.428 INFO [main] org.apache.catalina.startup.Catalina.start Server startup in 699 ms
13-Feb-2018 16:04:14.368 INFO [ContainerBackgroundProcessor[StandardEngine[Catalina]]] org.apache.catalina.startup.HostConfig.reload Reloading context [/hello]
13-Feb-2018 16:04:14.370 INFO [ContainerBackgroundProcessor[StandardEngine[Catalina]]] org.apache.catalina.core.StandardContext.reload Reloading Context with name [/hello] has started
13-Feb-2018 16:04:14.399 INFO [ContainerBackgroundProcessor[StandardEngine[Catalina]]] org.apache.catalina.core.StandardContext.reload Reloading Context with name [/hello] is completed
13-Feb-2018 16:04:52.817 INFO [main] org.apache.catalina.core.StandardServer.await A valid shutdown command was received via the shutdown port. Stopping the Server instance.
13-Feb-2018 16:04:52.817 INFO [main] org.apache.coyote.AbstractProtocol.pause Pausing ProtocolHandler ["http-nio-9999"]
13-Feb-2018 16:04:52.873 INFO [main] org.apache.coyote.AbstractProtocol.pause Pausing ProtocolHandler ["ajp-nio-8009"]
13-Feb-2018 16:04:52.927 INFO [main] org.apache.catalina.core.StandardService.stopInternal Stopping service [Catalina]
13-Feb-2018 16:04:52.945 INFO [main] org.apache.coyote.AbstractProtocol.stop Stopping ProtocolHandler ["http-nio-9999"]
13-Feb-2018 16:04:52.949 INFO [main] org.apache.coyote.AbstractProtocol.stop Stopping ProtocolHandler ["ajp-nio-8009"]
13-Feb-2018 16:04:52.950 INFO [main] org.apache.coyote.AbstractProtocol.destroy Destroying ProtocolHandler ["http-nio-9999"]
13-Feb-2018 16:04:52.950 INFO [main] org.apache.coyote.AbstractProtocol.destroy Destroying ProtocolHandler ["ajp-nio-8009"]
13-Feb-2018 16:05:09.275 INFO [main] org.apache.catalina.startup.VersionLoggerListener.log Server version:        Apache Tomcat/9.0.4
13-Feb-2018 16:05:09.277 INFO [main] org.apache.catalina.startup.VersionLoggerListener.log Server built:          Jan 18 2018 19:42:17 UTC
13-Feb-2018 16:05:09.277 INFO [main] org.apache.catalina.startup.VersionLoggerListener.log Server number:         9.0.4.0
13-Feb-2018 16:05:09.277 INFO [main] org.apache.catalina.startup.VersionLoggerListener.log OS Name:               Mac OS X
13-Feb-2018 16:05:09.277 INFO [main] org.apache.catalina.startup.VersionLoggerListener.log OS Version:            10.12.6
13-Feb-2018 16:05:09.277 INFO [main] org.apache.catalina.startup.VersionLoggerListener.log Architecture:          x86_64
13-Feb-2018 16:05:09.278 INFO [main] org.apache.catalina.startup.VersionLoggerListener.log Java Home:             /Library/Java/JavaVirtualMachines/jdk1.8.0_131.jdk/Contents/Home/jre
13-Feb-2018 16:05:09.278 INFO [main] org.apache.catalina.startup.VersionLoggerListener.log JVM Version:           1.8.0_131-b11
13-Feb-2018 16:05:09.278 INFO [main] org.apache.catalina.startup.VersionLoggerListener.log JVM Vendor:            Oracle Corporation
13-Feb-2018 16:05:09.278 INFO [main] org.apache.catalina.startup.VersionLoggerListener.log CATALINA_BASE:         /Users/Nishant/Documents/UCD/UCD Senior/ECS 193A/Project/swq_viz_jena/MyDir/tomcat
13-Feb-2018 16:05:09.278 INFO [main] org.apache.catalina.startup.VersionLoggerListener.log CATALINA_HOME:         /Users/Nishant/Documents/UCD/UCD Senior/ECS 193A/Project/swq_viz_jena/MyDir/tomcat
13-Feb-2018 16:05:09.279 INFO [main] org.apache.catalina.startup.VersionLoggerListener.log Command line argument: -Djava.util.logging.config.file=/Users/Nishant/Documents/UCD/UCD Senior/ECS 193A/Project/swq_viz_jena/MyDir/tomcat/conf/logging.properties
13-Feb-2018 16:05:09.279 INFO [main] org.apache.catalina.startup.VersionLoggerListener.log Command line argument: -Djava.util.logging.manager=org.apache.juli.ClassLoaderLogManager
13-Feb-2018 16:05:09.279 INFO [main] org.apache.catalina.startup.VersionLoggerListener.log Command line argument: -Djdk.tls.ephemeralDHKeySize=2048
13-Feb-2018 16:05:09.279 INFO [main] org.apache.catalina.startup.VersionLoggerListener.log Command line argument: -Djava.protocol.handler.pkgs=org.apache.catalina.webresources
13-Feb-2018 16:05:09.279 INFO [main] org.apache.catalina.startup.VersionLoggerListener.log Command line argument: -Dignore.endorsed.dirs=
13-Feb-2018 16:05:09.279 INFO [main] org.apache.catalina.startup.VersionLoggerListener.log Command line argument: -Dcatalina.base=/Users/Nishant/Documents/UCD/UCD Senior/ECS 193A/Project/swq_viz_jena/MyDir/tomcat
13-Feb-2018 16:05:09.279 INFO [main] org.apache.catalina.startup.VersionLoggerListener.log Command line argument: -Dcatalina.home=/Users/Nishant/Documents/UCD/UCD Senior/ECS 193A/Project/swq_viz_jena/MyDir/tomcat
13-Feb-2018 16:05:09.279 INFO [main] org.apache.catalina.startup.VersionLoggerListener.log Command line argument: -Djava.io.tmpdir=/Users/Nishant/Documents/UCD/UCD Senior/ECS 193A/Project/swq_viz_jena/MyDir/tomcat/temp
13-Feb-2018 16:05:09.279 INFO [main] org.apache.catalina.core.AprLifecycleListener.lifecycleEvent The APR based Apache Tomcat Native library which allows optimal performance in production environments was not found on the java.library.path: [/Users/Nishant/Library/Java/Extensions:/Library/Java/Extensions:/Network/Library/Java/Extensions:/System/Library/Java/Extensions:/usr/lib/java:.]
13-Feb-2018 16:05:09.380 INFO [main] org.apache.coyote.AbstractProtocol.init Initializing ProtocolHandler ["http-nio-9999"]
13-Feb-2018 16:05:09.396 INFO [main] org.apache.tomcat.util.net.NioSelectorPool.getSharedSelector Using a shared selector for servlet write/read
13-Feb-2018 16:05:09.402 INFO [main] org.apache.coyote.AbstractProtocol.init Initializing ProtocolHandler ["ajp-nio-8009"]
13-Feb-2018 16:05:09.403 INFO [main] org.apache.tomcat.util.net.NioSelectorPool.getSharedSelector Using a shared selector for servlet write/read
13-Feb-2018 16:05:09.403 INFO [main] org.apache.catalina.startup.Catalina.load Initialization processed in 435 ms
13-Feb-2018 16:05:09.424 INFO [main] org.apache.catalina.core.StandardService.startInternal Starting service [Catalina]
13-Feb-2018 16:05:09.424 INFO [main] org.apache.catalina.core.StandardEngine.startInternal Starting Servlet Engine: Apache Tomcat/9.0.4
13-Feb-2018 16:05:09.429 INFO [main] org.apache.catalina.startup.HostConfig.deployDirectory Deploying web application directory [/Users/Nishant/Documents/UCD/UCD Senior/ECS 193A/Project/swq_viz_jena/MyDir/tomcat/webapps/docs]
13-Feb-2018 16:05:09.664 INFO [main] org.apache.catalina.startup.HostConfig.deployDirectory Deployment of web application directory [/Users/Nishant/Documents/UCD/UCD Senior/ECS 193A/Project/swq_viz_jena/MyDir/tomcat/webapps/docs] has finished in [235] ms
13-Feb-2018 16:05:09.665 INFO [main] org.apache.catalina.startup.HostConfig.deployDirectory Deploying web application directory [/Users/Nishant/Documents/UCD/UCD Senior/ECS 193A/Project/swq_viz_jena/MyDir/tomcat/webapps/examples]
13-Feb-2018 16:05:09.894 INFO [main] org.apache.catalina.startup.HostConfig.deployDirectory Deployment of web application directory [/Users/Nishant/Documents/UCD/UCD Senior/ECS 193A/Project/swq_viz_jena/MyDir/tomcat/webapps/examples] has finished in [229] ms
13-Feb-2018 16:05:09.894 INFO [main] org.apache.catalina.startup.HostConfig.deployDirectory Deploying web application directory [/Users/Nishant/Documents/UCD/UCD Senior/ECS 193A/Project/swq_viz_jena/MyDir/tomcat/webapps/hello]
13-Feb-2018 16:05:09.912 INFO [main] org.apache.catalina.startup.HostConfig.deployDirectory Deployment of web application directory [/Users/Nishant/Documents/UCD/UCD Senior/ECS 193A/Project/swq_viz_jena/MyDir/tomcat/webapps/hello] has finished in [18] ms
13-Feb-2018 16:05:09.912 INFO [main] org.apache.catalina.startup.HostConfig.deployDirectory Deploying web application directory [/Users/Nishant/Documents/UCD/UCD Senior/ECS 193A/Project/swq_viz_jena/MyDir/tomcat/webapps/host-manager]
13-Feb-2018 16:05:09.930 INFO [main] org.apache.catalina.startup.HostConfig.deployDirectory Deployment of web application directory [/Users/Nishant/Documents/UCD/UCD Senior/ECS 193A/Project/swq_viz_jena/MyDir/tomcat/webapps/host-manager] has finished in [18] ms
13-Feb-2018 16:05:09.930 INFO [main] org.apache.catalina.startup.HostConfig.deployDirectory Deploying web application directory [/Users/Nishant/Documents/UCD/UCD Senior/ECS 193A/Project/swq_viz_jena/MyDir/tomcat/webapps/manager]
13-Feb-2018 16:05:09.945 INFO [main] org.apache.catalina.startup.HostConfig.deployDirectory Deployment of web application directory [/Users/Nishant/Documents/UCD/UCD Senior/ECS 193A/Project/swq_viz_jena/MyDir/tomcat/webapps/manager] has finished in [15] ms
13-Feb-2018 16:05:09.945 INFO [main] org.apache.catalina.startup.HostConfig.deployDirectory Deploying web application directory [/Users/Nishant/Documents/UCD/UCD Senior/ECS 193A/Project/swq_viz_jena/MyDir/tomcat/webapps/ROOT]
13-Feb-2018 16:05:09.957 INFO [main] org.apache.catalina.startup.HostConfig.deployDirectory Deployment of web application directory [/Users/Nishant/Documents/UCD/UCD Senior/ECS 193A/Project/swq_viz_jena/MyDir/tomcat/webapps/ROOT] has finished in [12] ms
13-Feb-2018 16:05:09.959 INFO [main] org.apache.coyote.AbstractProtocol.start Starting ProtocolHandler ["http-nio-9999"]
13-Feb-2018 16:05:09.966 INFO [main] org.apache.coyote.AbstractProtocol.start Starting ProtocolHandler ["ajp-nio-8009"]
13-Feb-2018 16:05:09.968 INFO [main] org.apache.catalina.startup.Catalina.start Server startup in 564 ms
usage: java org.apache.catalina.startup.Catalina [ -config {pathname} ] [ -nonaming ]  { -help | start | stop }
13-Feb-2018 16:05:11.609 INFO [main] org.apache.catalina.startup.VersionLoggerListener.log Server version:        Apache Tomcat/9.0.4
13-Feb-2018 16:05:11.611 INFO [main] org.apache.catalina.startup.VersionLoggerListener.log Server built:          Jan 18 2018 19:42:17 UTC
13-Feb-2018 16:05:11.612 INFO [main] org.apache.catalina.startup.VersionLoggerListener.log Server number:         9.0.4.0
13-Feb-2018 16:05:11.612 INFO [main] org.apache.catalina.startup.VersionLoggerListener.log OS Name:               Mac OS X
13-Feb-2018 16:05:11.612 INFO [main] org.apache.catalina.startup.VersionLoggerListener.log OS Version:            10.12.6
13-Feb-2018 16:05:11.612 INFO [main] org.apache.catalina.startup.VersionLoggerListener.log Architecture:          x86_64
13-Feb-2018 16:05:11.612 INFO [main] org.apache.catalina.startup.VersionLoggerListener.log Java Home:             /Library/Java/JavaVirtualMachines/jdk1.8.0_131.jdk/Contents/Home/jre
13-Feb-2018 16:05:11.612 INFO [main] org.apache.catalina.startup.VersionLoggerListener.log JVM Version:           1.8.0_131-b11
13-Feb-2018 16:05:11.612 INFO [main] org.apache.catalina.startup.VersionLoggerListener.log JVM Vendor:            Oracle Corporation
13-Feb-2018 16:05:11.612 INFO [main] org.apache.catalina.startup.VersionLoggerListener.log CATALINA_BASE:         /Users/Nishant/Documents/UCD/UCD Senior/ECS 193A/Project/swq_viz_jena/MyDir/tomcat
13-Feb-2018 16:05:11.612 INFO [main] org.apache.catalina.startup.VersionLoggerListener.log CATALINA_HOME:         /Users/Nishant/Documents/UCD/UCD Senior/ECS 193A/Project/swq_viz_jena/MyDir/tomcat
13-Feb-2018 16:05:11.613 INFO [main] org.apache.catalina.startup.VersionLoggerListener.log Command line argument: -Djava.util.logging.config.file=/Users/Nishant/Documents/UCD/UCD Senior/ECS 193A/Project/swq_viz_jena/MyDir/tomcat/conf/logging.properties
13-Feb-2018 16:05:11.613 INFO [main] org.apache.catalina.startup.VersionLoggerListener.log Command line argument: -Djava.util.logging.manager=org.apache.juli.ClassLoaderLogManager
13-Feb-2018 16:05:11.613 INFO [main] org.apache.catalina.startup.VersionLoggerListener.log Command line argument: -Djdk.tls.ephemeralDHKeySize=2048
13-Feb-2018 16:05:11.613 INFO [main] org.apache.catalina.startup.VersionLoggerListener.log Command line argument: -Djava.protocol.handler.pkgs=org.apache.catalina.webresources
13-Feb-2018 16:05:11.613 INFO [main] org.apache.catalina.startup.VersionLoggerListener.log Command line argument: -Dignore.endorsed.dirs=
13-Feb-2018 16:05:11.613 INFO [main] org.apache.catalina.startup.VersionLoggerListener.log Command line argument: -Dcatalina.base=/Users/Nishant/Documents/UCD/UCD Senior/ECS 193A/Project/swq_viz_jena/MyDir/tomcat
13-Feb-2018 16:05:11.613 INFO [main] org.apache.catalina.startup.VersionLoggerListener.log Command line argument: -Dcatalina.home=/Users/Nishant/Documents/UCD/UCD Senior/ECS 193A/Project/swq_viz_jena/MyDir/tomcat
13-Feb-2018 16:05:11.613 INFO [main] org.apache.catalina.startup.VersionLoggerListener.log Command line argument: -Djava.io.tmpdir=/Users/Nishant/Documents/UCD/UCD Senior/ECS 193A/Project/swq_viz_jena/MyDir/tomcat/temp
13-Feb-2018 16:05:11.613 INFO [main] org.apache.catalina.core.AprLifecycleListener.lifecycleEvent The APR based Apache Tomcat Native library which allows optimal performance in production environments was not found on the java.library.path: [/Users/Nishant/Library/Java/Extensions:/Library/Java/Extensions:/Network/Library/Java/Extensions:/System/Library/Java/Extensions:/usr/lib/java:.]
13-Feb-2018 16:05:11.712 INFO [main] org.apache.coyote.AbstractProtocol.init Initializing ProtocolHandler ["http-nio-9999"]
13-Feb-2018 16:05:11.726 SEVERE [main] org.apache.catalina.util.LifecycleBase.handleSubClassException Failed to initialize component [Connector[HTTP/1.1-9999]]
 org.apache.catalina.LifecycleException: Protocol handler initialization failed
	at org.apache.catalina.connector.Connector.initInternal(Connector.java:935)
	at org.apache.catalina.util.LifecycleBase.init(LifecycleBase.java:136)
	at org.apache.catalina.core.StandardService.initInternal(StandardService.java:530)
	at org.apache.catalina.util.LifecycleBase.init(LifecycleBase.java:136)
	at org.apache.catalina.core.StandardServer.initInternal(StandardServer.java:852)
	at org.apache.catalina.util.LifecycleBase.init(LifecycleBase.java:136)
	at org.apache.catalina.startup.Catalina.load(Catalina.java:622)
	at org.apache.catalina.startup.Catalina.start(Catalina.java:659)
	at sun.reflect.NativeMethodAccessorImpl.invoke0(Native Method)
	at sun.reflect.NativeMethodAccessorImpl.invoke(NativeMethodAccessorImpl.java:62)
	at sun.reflect.DelegatingMethodAccessorImpl.invoke(DelegatingMethodAccessorImpl.java:43)
	at java.lang.reflect.Method.invoke(Method.java:498)
	at org.apache.catalina.startup.Bootstrap.start(Bootstrap.java:353)
	at org.apache.catalina.startup.Bootstrap.main(Bootstrap.java:493)
Caused by: java.net.BindException: Address already in use
	at sun.nio.ch.Net.bind0(Native Method)
	at sun.nio.ch.Net.bind(Net.java:433)
	at sun.nio.ch.Net.bind(Net.java:425)
	at sun.nio.ch.ServerSocketChannelImpl.bind(ServerSocketChannelImpl.java:223)
	at sun.nio.ch.ServerSocketAdaptor.bind(ServerSocketAdaptor.java:74)
	at org.apache.tomcat.util.net.NioEndpoint.initServerSocket(NioEndpoint.java:227)
	at org.apache.tomcat.util.net.NioEndpoint.bind(NioEndpoint.java:202)
	at org.apache.tomcat.util.net.AbstractEndpoint.init(AbstractEndpoint.java:1043)
	at org.apache.coyote.AbstractProtocol.init(AbstractProtocol.java:540)
	at org.apache.coyote.http11.AbstractHttp11Protocol.init(AbstractHttp11Protocol.java:74)
	at org.apache.catalina.connector.Connector.initInternal(Connector.java:932)
	... 13 more

13-Feb-2018 16:05:11.727 INFO [main] org.apache.coyote.AbstractProtocol.init Initializing ProtocolHandler ["ajp-nio-8009"]
13-Feb-2018 16:05:11.728 SEVERE [main] org.apache.catalina.util.LifecycleBase.handleSubClassException Failed to initialize component [Connector[AJP/1.3-8009]]
 org.apache.catalina.LifecycleException: Protocol handler initialization failed
	at org.apache.catalina.connector.Connector.initInternal(Connector.java:935)
	at org.apache.catalina.util.LifecycleBase.init(LifecycleBase.java:136)
	at org.apache.catalina.core.StandardService.initInternal(StandardService.java:530)
	at org.apache.catalina.util.LifecycleBase.init(LifecycleBase.java:136)
	at org.apache.catalina.core.StandardServer.initInternal(StandardServer.java:852)
	at org.apache.catalina.util.LifecycleBase.init(LifecycleBase.java:136)
	at org.apache.catalina.startup.Catalina.load(Catalina.java:622)
	at org.apache.catalina.startup.Catalina.start(Catalina.java:659)
	at sun.reflect.NativeMethodAccessorImpl.invoke0(Native Method)
	at sun.reflect.NativeMethodAccessorImpl.invoke(NativeMethodAccessorImpl.java:62)
	at sun.reflect.DelegatingMethodAccessorImpl.invoke(DelegatingMethodAccessorImpl.java:43)
	at java.lang.reflect.Method.invoke(Method.java:498)
	at org.apache.catalina.startup.Bootstrap.start(Bootstrap.java:353)
	at org.apache.catalina.startup.Bootstrap.main(Bootstrap.java:493)
Caused by: java.net.BindException: Address already in use
	at sun.nio.ch.Net.bind0(Native Method)
	at sun.nio.ch.Net.bind(Net.java:433)
	at sun.nio.ch.Net.bind(Net.java:425)
	at sun.nio.ch.ServerSocketChannelImpl.bind(ServerSocketChannelImpl.java:223)
	at sun.nio.ch.ServerSocketAdaptor.bind(ServerSocketAdaptor.java:74)
	at org.apache.tomcat.util.net.NioEndpoint.initServerSocket(NioEndpoint.java:227)
	at org.apache.tomcat.util.net.NioEndpoint.bind(NioEndpoint.java:202)
	at org.apache.tomcat.util.net.AbstractEndpoint.init(AbstractEndpoint.java:1043)
	at org.apache.coyote.AbstractProtocol.init(AbstractProtocol.java:540)
	at org.apache.catalina.connector.Connector.initInternal(Connector.java:932)
	... 13 more

13-Feb-2018 16:05:11.729 INFO [main] org.apache.catalina.startup.Catalina.load Initialization processed in 420 ms
13-Feb-2018 16:05:11.749 INFO [main] org.apache.catalina.core.StandardService.startInternal Starting service [Catalina]
13-Feb-2018 16:05:11.749 INFO [main] org.apache.catalina.core.StandardEngine.startInternal Starting Servlet Engine: Apache Tomcat/9.0.4
13-Feb-2018 16:05:11.754 INFO [main] org.apache.catalina.startup.HostConfig.deployDirectory Deploying web application directory [/Users/Nishant/Documents/UCD/UCD Senior/ECS 193A/Project/swq_viz_jena/MyDir/tomcat/webapps/docs]
13-Feb-2018 16:05:12.006 INFO [main] org.apache.catalina.startup.HostConfig.deployDirectory Deployment of web application directory [/Users/Nishant/Documents/UCD/UCD Senior/ECS 193A/Project/swq_viz_jena/MyDir/tomcat/webapps/docs] has finished in [251] ms
13-Feb-2018 16:05:12.006 INFO [main] org.apache.catalina.startup.HostConfig.deployDirectory Deploying web application directory [/Users/Nishant/Documents/UCD/UCD Senior/ECS 193A/Project/swq_viz_jena/MyDir/tomcat/webapps/examples]
13-Feb-2018 16:05:12.200 INFO [main] org.apache.catalina.startup.HostConfig.deployDirectory Deployment of web application directory [/Users/Nishant/Documents/UCD/UCD Senior/ECS 193A/Project/swq_viz_jena/MyDir/tomcat/webapps/examples] has finished in [194] ms
13-Feb-2018 16:05:12.201 INFO [main] org.apache.catalina.startup.HostConfig.deployDirectory Deploying web application directory [/Users/Nishant/Documents/UCD/UCD Senior/ECS 193A/Project/swq_viz_jena/MyDir/tomcat/webapps/hello]
13-Feb-2018 16:05:12.220 INFO [main] org.apache.catalina.startup.HostConfig.deployDirectory Deployment of web application directory [/Users/Nishant/Documents/UCD/UCD Senior/ECS 193A/Project/swq_viz_jena/MyDir/tomcat/webapps/hello] has finished in [19] ms
13-Feb-2018 16:05:12.220 INFO [main] org.apache.catalina.startup.HostConfig.deployDirectory Deploying web application directory [/Users/Nishant/Documents/UCD/UCD Senior/ECS 193A/Project/swq_viz_jena/MyDir/tomcat/webapps/host-manager]
13-Feb-2018 16:05:12.237 INFO [main] org.apache.catalina.startup.HostConfig.deployDirectory Deployment of web application directory [/Users/Nishant/Documents/UCD/UCD Senior/ECS 193A/Project/swq_viz_jena/MyDir/tomcat/webapps/host-manager] has finished in [17] ms
13-Feb-2018 16:05:12.237 INFO [main] org.apache.catalina.startup.HostConfig.deployDirectory Deploying web application directory [/Users/Nishant/Documents/UCD/UCD Senior/ECS 193A/Project/swq_viz_jena/MyDir/tomcat/webapps/manager]
13-Feb-2018 16:05:12.250 INFO [main] org.apache.catalina.startup.HostConfig.deployDirectory Deployment of web application directory [/Users/Nishant/Documents/UCD/UCD Senior/ECS 193A/Project/swq_viz_jena/MyDir/tomcat/webapps/manager] has finished in [13] ms
13-Feb-2018 16:05:12.251 INFO [main] org.apache.catalina.startup.HostConfig.deployDirectory Deploying web application directory [/Users/Nishant/Documents/UCD/UCD Senior/ECS 193A/Project/swq_viz_jena/MyDir/tomcat/webapps/ROOT]
13-Feb-2018 16:05:12.260 INFO [main] org.apache.catalina.startup.HostConfig.deployDirectory Deployment of web application directory [/Users/Nishant/Documents/UCD/UCD Senior/ECS 193A/Project/swq_viz_jena/MyDir/tomcat/webapps/ROOT] has finished in [10] ms
13-Feb-2018 16:05:12.262 INFO [main] org.apache.catalina.startup.Catalina.start Server startup in 533 ms
13-Feb-2018 16:05:12.266 SEVERE [main] org.apache.catalina.core.StandardServer.await StandardServer.await: create[localhost:8005]: 
 java.net.BindException: Address already in use (Bind failed)
	at java.net.PlainSocketImpl.socketBind(Native Method)
	at java.net.AbstractPlainSocketImpl.bind(AbstractPlainSocketImpl.java:387)
	at java.net.ServerSocket.bind(ServerSocket.java:375)
	at java.net.ServerSocket.<init>(ServerSocket.java:237)
	at org.apache.catalina.core.StandardServer.await(StandardServer.java:422)
	at org.apache.catalina.startup.Catalina.await(Catalina.java:759)
	at org.apache.catalina.startup.Catalina.start(Catalina.java:705)
	at sun.reflect.NativeMethodAccessorImpl.invoke0(Native Method)
	at sun.reflect.NativeMethodAccessorImpl.invoke(NativeMethodAccessorImpl.java:62)
	at sun.reflect.DelegatingMethodAccessorImpl.invoke(DelegatingMethodAccessorImpl.java:43)
	at java.lang.reflect.Method.invoke(Method.java:498)
	at org.apache.catalina.startup.Bootstrap.start(Bootstrap.java:353)
	at org.apache.catalina.startup.Bootstrap.main(Bootstrap.java:493)

13-Feb-2018 16:05:12.266 INFO [main] org.apache.coyote.AbstractProtocol.pause Pausing ProtocolHandler ["http-nio-9999"]
13-Feb-2018 16:05:12.266 INFO [main] org.apache.coyote.AbstractProtocol.pause Pausing ProtocolHandler ["ajp-nio-8009"]
13-Feb-2018 16:05:12.266 INFO [main] org.apache.catalina.core.StandardService.stopInternal Stopping service [Catalina]
13-Feb-2018 16:05:12.287 INFO [main] org.apache.coyote.AbstractProtocol.stop Stopping ProtocolHandler ["http-nio-9999"]
13-Feb-2018 16:05:12.287 INFO [main] org.apache.coyote.AbstractProtocol.destroy Destroying ProtocolHandler ["http-nio-9999"]
13-Feb-2018 16:05:12.287 INFO [main] org.apache.coyote.AbstractProtocol.stop Stopping ProtocolHandler ["ajp-nio-8009"]
13-Feb-2018 16:05:12.287 INFO [main] org.apache.coyote.AbstractProtocol.destroy Destroying ProtocolHandler ["ajp-nio-8009"]
13-Feb-2018 16:05:15.434 INFO [main] org.apache.catalina.core.StandardServer.await A valid shutdown command was received via the shutdown port. Stopping the Server instance.
13-Feb-2018 16:05:15.435 INFO [main] org.apache.coyote.AbstractProtocol.pause Pausing ProtocolHandler ["http-nio-9999"]
13-Feb-2018 16:05:15.491 INFO [main] org.apache.coyote.AbstractProtocol.pause Pausing ProtocolHandler ["ajp-nio-8009"]
13-Feb-2018 16:05:15.493 INFO [main] org.apache.catalina.core.StandardService.stopInternal Stopping service [Catalina]
13-Feb-2018 16:05:15.512 INFO [main] org.apache.coyote.AbstractProtocol.stop Stopping ProtocolHandler ["http-nio-9999"]
13-Feb-2018 16:05:15.515 INFO [main] org.apache.coyote.AbstractProtocol.stop Stopping ProtocolHandler ["ajp-nio-8009"]
13-Feb-2018 16:05:15.515 INFO [main] org.apache.coyote.AbstractProtocol.destroy Destroying ProtocolHandler ["http-nio-9999"]
13-Feb-2018 16:05:15.516 INFO [main] org.apache.coyote.AbstractProtocol.destroy Destroying ProtocolHandler ["ajp-nio-8009"]
usage: java org.apache.catalina.startup.Catalina [ -config {pathname} ] [ -nonaming ]  { -help | start | stop }
13-Feb-2018 16:05:26.705 INFO [main] org.apache.catalina.startup.VersionLoggerListener.log Server version:        Apache Tomcat/9.0.4
13-Feb-2018 16:05:26.707 INFO [main] org.apache.catalina.startup.VersionLoggerListener.log Server built:          Jan 18 2018 19:42:17 UTC
13-Feb-2018 16:05:26.707 INFO [main] org.apache.catalina.startup.VersionLoggerListener.log Server number:         9.0.4.0
13-Feb-2018 16:05:26.707 INFO [main] org.apache.catalina.startup.VersionLoggerListener.log OS Name:               Mac OS X
13-Feb-2018 16:05:26.707 INFO [main] org.apache.catalina.startup.VersionLoggerListener.log OS Version:            10.12.6
13-Feb-2018 16:05:26.707 INFO [main] org.apache.catalina.startup.VersionLoggerListener.log Architecture:          x86_64
13-Feb-2018 16:05:26.707 INFO [main] org.apache.catalina.startup.VersionLoggerListener.log Java Home:             /Library/Java/JavaVirtualMachines/jdk1.8.0_131.jdk/Contents/Home/jre
13-Feb-2018 16:05:26.708 INFO [main] org.apache.catalina.startup.VersionLoggerListener.log JVM Version:           1.8.0_131-b11
13-Feb-2018 16:05:26.708 INFO [main] org.apache.catalina.startup.VersionLoggerListener.log JVM Vendor:            Oracle Corporation
13-Feb-2018 16:05:26.708 INFO [main] org.apache.catalina.startup.VersionLoggerListener.log CATALINA_BASE:         /Users/Nishant/Documents/UCD/UCD Senior/ECS 193A/Project/swq_viz_jena/MyDir/tomcat
13-Feb-2018 16:05:26.708 INFO [main] org.apache.catalina.startup.VersionLoggerListener.log CATALINA_HOME:         /Users/Nishant/Documents/UCD/UCD Senior/ECS 193A/Project/swq_viz_jena/MyDir/tomcat
13-Feb-2018 16:05:26.709 INFO [main] org.apache.catalina.startup.VersionLoggerListener.log Command line argument: -Djava.util.logging.config.file=/Users/Nishant/Documents/UCD/UCD Senior/ECS 193A/Project/swq_viz_jena/MyDir/tomcat/conf/logging.properties
13-Feb-2018 16:05:26.709 INFO [main] org.apache.catalina.startup.VersionLoggerListener.log Command line argument: -Djava.util.logging.manager=org.apache.juli.ClassLoaderLogManager
13-Feb-2018 16:05:26.709 INFO [main] org.apache.catalina.startup.VersionLoggerListener.log Command line argument: -Djdk.tls.ephemeralDHKeySize=2048
13-Feb-2018 16:05:26.709 INFO [main] org.apache.catalina.startup.VersionLoggerListener.log Command line argument: -Djava.protocol.handler.pkgs=org.apache.catalina.webresources
13-Feb-2018 16:05:26.709 INFO [main] org.apache.catalina.startup.VersionLoggerListener.log Command line argument: -Dignore.endorsed.dirs=
13-Feb-2018 16:05:26.709 INFO [main] org.apache.catalina.startup.VersionLoggerListener.log Command line argument: -Dcatalina.base=/Users/Nishant/Documents/UCD/UCD Senior/ECS 193A/Project/swq_viz_jena/MyDir/tomcat
13-Feb-2018 16:05:26.709 INFO [main] org.apache.catalina.startup.VersionLoggerListener.log Command line argument: -Dcatalina.home=/Users/Nishant/Documents/UCD/UCD Senior/ECS 193A/Project/swq_viz_jena/MyDir/tomcat
13-Feb-2018 16:05:26.709 INFO [main] org.apache.catalina.startup.VersionLoggerListener.log Command line argument: -Djava.io.tmpdir=/Users/Nishant/Documents/UCD/UCD Senior/ECS 193A/Project/swq_viz_jena/MyDir/tomcat/temp
13-Feb-2018 16:05:26.709 INFO [main] org.apache.catalina.core.AprLifecycleListener.lifecycleEvent The APR based Apache Tomcat Native library which allows optimal performance in production environments was not found on the java.library.path: [/Users/Nishant/Library/Java/Extensions:/Library/Java/Extensions:/Network/Library/Java/Extensions:/System/Library/Java/Extensions:/usr/lib/java:.]
13-Feb-2018 16:05:26.810 INFO [main] org.apache.coyote.AbstractProtocol.init Initializing ProtocolHandler ["http-nio-9999"]
13-Feb-2018 16:05:26.825 INFO [main] org.apache.tomcat.util.net.NioSelectorPool.getSharedSelector Using a shared selector for servlet write/read
13-Feb-2018 16:05:26.831 INFO [main] org.apache.coyote.AbstractProtocol.init Initializing ProtocolHandler ["ajp-nio-8009"]
13-Feb-2018 16:05:26.832 INFO [main] org.apache.tomcat.util.net.NioSelectorPool.getSharedSelector Using a shared selector for servlet write/read
13-Feb-2018 16:05:26.833 INFO [main] org.apache.catalina.startup.Catalina.load Initialization processed in 439 ms
13-Feb-2018 16:05:26.852 INFO [main] org.apache.catalina.core.StandardService.startInternal Starting service [Catalina]
13-Feb-2018 16:05:26.852 INFO [main] org.apache.catalina.core.StandardEngine.startInternal Starting Servlet Engine: Apache Tomcat/9.0.4
13-Feb-2018 16:05:26.858 INFO [main] org.apache.catalina.startup.HostConfig.deployDirectory Deploying web application directory [/Users/Nishant/Documents/UCD/UCD Senior/ECS 193A/Project/swq_viz_jena/MyDir/tomcat/webapps/docs]
13-Feb-2018 16:05:27.098 INFO [main] org.apache.catalina.startup.HostConfig.deployDirectory Deployment of web application directory [/Users/Nishant/Documents/UCD/UCD Senior/ECS 193A/Project/swq_viz_jena/MyDir/tomcat/webapps/docs] has finished in [240] ms
13-Feb-2018 16:05:27.099 INFO [main] org.apache.catalina.startup.HostConfig.deployDirectory Deploying web application directory [/Users/Nishant/Documents/UCD/UCD Senior/ECS 193A/Project/swq_viz_jena/MyDir/tomcat/webapps/examples]
13-Feb-2018 16:05:27.300 INFO [main] org.apache.catalina.startup.HostConfig.deployDirectory Deployment of web application directory [/Users/Nishant/Documents/UCD/UCD Senior/ECS 193A/Project/swq_viz_jena/MyDir/tomcat/webapps/examples] has finished in [201] ms
13-Feb-2018 16:05:27.300 INFO [main] org.apache.catalina.startup.HostConfig.deployDirectory Deploying web application directory [/Users/Nishant/Documents/UCD/UCD Senior/ECS 193A/Project/swq_viz_jena/MyDir/tomcat/webapps/hello]
13-Feb-2018 16:05:27.318 INFO [main] org.apache.catalina.startup.HostConfig.deployDirectory Deployment of web application directory [/Users/Nishant/Documents/UCD/UCD Senior/ECS 193A/Project/swq_viz_jena/MyDir/tomcat/webapps/hello] has finished in [18] ms
13-Feb-2018 16:05:27.318 INFO [main] org.apache.catalina.startup.HostConfig.deployDirectory Deploying web application directory [/Users/Nishant/Documents/UCD/UCD Senior/ECS 193A/Project/swq_viz_jena/MyDir/tomcat/webapps/host-manager]
13-Feb-2018 16:05:27.335 INFO [main] org.apache.catalina.startup.HostConfig.deployDirectory Deployment of web application directory [/Users/Nishant/Documents/UCD/UCD Senior/ECS 193A/Project/swq_viz_jena/MyDir/tomcat/webapps/host-manager] has finished in [17] ms
13-Feb-2018 16:05:27.335 INFO [main] org.apache.catalina.startup.HostConfig.deployDirectory Deploying web application directory [/Users/Nishant/Documents/UCD/UCD Senior/ECS 193A/Project/swq_viz_jena/MyDir/tomcat/webapps/manager]
13-Feb-2018 16:05:27.349 INFO [main] org.apache.catalina.startup.HostConfig.deployDirectory Deployment of web application directory [/Users/Nishant/Documents/UCD/UCD Senior/ECS 193A/Project/swq_viz_jena/MyDir/tomcat/webapps/manager] has finished in [14] ms
13-Feb-2018 16:05:27.349 INFO [main] org.apache.catalina.startup.HostConfig.deployDirectory Deploying web application directory [/Users/Nishant/Documents/UCD/UCD Senior/ECS 193A/Project/swq_viz_jena/MyDir/tomcat/webapps/ROOT]
13-Feb-2018 16:05:27.359 INFO [main] org.apache.catalina.startup.HostConfig.deployDirectory Deployment of web application directory [/Users/Nishant/Documents/UCD/UCD Senior/ECS 193A/Project/swq_viz_jena/MyDir/tomcat/webapps/ROOT] has finished in [10] ms
13-Feb-2018 16:05:27.361 INFO [main] org.apache.coyote.AbstractProtocol.start Starting ProtocolHandler ["http-nio-9999"]
13-Feb-2018 16:05:27.368 INFO [main] org.apache.coyote.AbstractProtocol.start Starting ProtocolHandler ["ajp-nio-8009"]
13-Feb-2018 16:05:27.370 INFO [main] org.apache.catalina.startup.Catalina.start Server startup in 537 ms
13-Feb-2018 16:47:48.952 INFO [ContainerBackgroundProcessor[StandardEngine[Catalina]]] org.apache.catalina.core.StandardContext.reload Reloading Context with name [/hello] has started
13-Feb-2018 16:47:48.999 INFO [ContainerBackgroundProcessor[StandardEngine[Catalina]]] org.apache.catalina.core.StandardContext.reload Reloading Context with name [/hello] is completed
13-Feb-2018 16:52:39.233 INFO [ContainerBackgroundProcessor[StandardEngine[Catalina]]] org.apache.catalina.core.StandardContext.reload Reloading Context with name [/hello] has started
13-Feb-2018 16:52:39.257 INFO [ContainerBackgroundProcessor[StandardEngine[Catalina]]] org.apache.catalina.core.StandardContext.reload Reloading Context with name [/hello] is completed
13-Feb-2018 17:08:49.879 INFO [ContainerBackgroundProcessor[StandardEngine[Catalina]]] org.apache.catalina.core.StandardContext.reload Reloading Context with name [/hello] has started
13-Feb-2018 17:08:49.923 INFO [ContainerBackgroundProcessor[StandardEngine[Catalina]]] org.apache.catalina.core.StandardContext.reload Reloading Context with name [/hello] is completed

Response Code200

Response Code200

Response Code200

Response Code200

Response Code200

Response Code200

Response Code200
13-Feb-2018 17:09:49.961 INFO [ContainerBackgroundProcessor[StandardEngine[Catalina]]] org.apache.catalina.core.StandardContext.reload Reloading Context with name [/hello] has started
13-Feb-2018 17:09:49.978 INFO [ContainerBackgroundProcessor[StandardEngine[Catalina]]] org.apache.catalina.core.StandardContext.reload Reloading Context with name [/hello] is completed
13-Feb-2018 17:12:10.071 INFO [ContainerBackgroundProcessor[StandardEngine[Catalina]]] org.apache.catalina.core.StandardContext.reload Reloading Context with name [/hello] has started
13-Feb-2018 17:12:10.072 INFO [ContainerBackgroundProcessor[StandardEngine[Catalina]]] org.apache.catalina.core.StandardWrapper.unload Waiting for [1] instance(s) to be deallocated for Servlet [HelloWorld]
13-Feb-2018 17:12:10.502 INFO [ContainerBackgroundProcessor[StandardEngine[Catalina]]] org.apache.catalina.core.StandardContext.reload Reloading Context with name [/hello] is completed
13-Feb-2018 17:12:30.520 INFO [ContainerBackgroundProcessor[StandardEngine[Catalina]]] org.apache.catalina.core.StandardContext.reload Reloading Context with name [/hello] has started
13-Feb-2018 17:12:30.534 INFO [ContainerBackgroundProcessor[StandardEngine[Catalina]]] org.apache.catalina.core.StandardContext.reload Reloading Context with name [/hello] is completed
13-Feb-2018 17:17:00.679 INFO [ContainerBackgroundProcessor[StandardEngine[Catalina]]] org.apache.catalina.core.StandardContext.reload Reloading Context with name [/hello] has started
13-Feb-2018 17:17:00.697 INFO [ContainerBackgroundProcessor[StandardEngine[Catalina]]] org.apache.catalina.core.StandardContext.reload Reloading Context with name [/hello] is completed
13-Feb-2018 17:17:10.705 INFO [ContainerBackgroundProcessor[StandardEngine[Catalina]]] org.apache.catalina.core.StandardContext.reload Reloading Context with name [/hello] has started
13-Feb-2018 17:17:10.723 INFO [ContainerBackgroundProcessor[StandardEngine[Catalina]]] org.apache.catalina.core.StandardContext.reload Reloading Context with name [/hello] is completed
13-Feb-2018 17:20:50.850 INFO [ContainerBackgroundProcessor[StandardEngine[Catalina]]] org.apache.catalina.core.StandardContext.reload Reloading Context with name [/hello] has started
13-Feb-2018 17:20:50.865 INFO [ContainerBackgroundProcessor[StandardEngine[Catalina]]] org.apache.catalina.core.StandardContext.reload Reloading Context with name [/hello] is completed
13-Feb-2018 17:21:40.887 INFO [ContainerBackgroundProcessor[StandardEngine[Catalina]]] org.apache.catalina.core.StandardContext.reload Reloading Context with name [/hello] has started
13-Feb-2018 17:21:40.908 INFO [ContainerBackgroundProcessor[StandardEngine[Catalina]]] org.apache.catalina.core.StandardContext.reload Reloading Context with name [/hello] is completed
13-Feb-2018 17:22:40.944 INFO [ContainerBackgroundProcessor[StandardEngine[Catalina]]] org.apache.catalina.core.StandardContext.reload Reloading Context with name [/hello] has started
13-Feb-2018 17:22:40.959 INFO [ContainerBackgroundProcessor[StandardEngine[Catalina]]] org.apache.catalina.core.StandardContext.reload Reloading Context with name [/hello] is completed
13-Feb-2018 17:23:20.979 INFO [ContainerBackgroundProcessor[StandardEngine[Catalina]]] org.apache.catalina.core.StandardContext.reload Reloading Context with name [/hello] has started
13-Feb-2018 17:23:20.994 INFO [ContainerBackgroundProcessor[StandardEngine[Catalina]]] org.apache.catalina.core.StandardContext.reload Reloading Context with name [/hello] is completed
13-Feb-2018 17:23:28.610 INFO [main] org.apache.catalina.core.StandardServer.await A valid shutdown command was received via the shutdown port. Stopping the Server instance.
13-Feb-2018 17:23:28.611 INFO [main] org.apache.coyote.AbstractProtocol.pause Pausing ProtocolHandler ["http-nio-9999"]
13-Feb-2018 17:23:28.664 INFO [main] org.apache.coyote.AbstractProtocol.pause Pausing ProtocolHandler ["ajp-nio-8009"]
13-Feb-2018 17:23:28.718 INFO [main] org.apache.catalina.core.StandardService.stopInternal Stopping service [Catalina]
13-Feb-2018 17:23:28.733 INFO [main] org.apache.coyote.AbstractProtocol.stop Stopping ProtocolHandler ["http-nio-9999"]
13-Feb-2018 17:23:28.735 INFO [main] org.apache.coyote.AbstractProtocol.stop Stopping ProtocolHandler ["ajp-nio-8009"]
13-Feb-2018 17:23:28.736 INFO [main] org.apache.coyote.AbstractProtocol.destroy Destroying ProtocolHandler ["http-nio-9999"]
13-Feb-2018 17:23:28.736 INFO [main] org.apache.coyote.AbstractProtocol.destroy Destroying ProtocolHandler ["ajp-nio-8009"]
