14-Feb-2018 14:19:58.548 INFO [main] org.apache.catalina.startup.VersionLoggerListener.log Server version:        Apache Tomcat/9.0.4
14-Feb-2018 14:19:58.552 INFO [main] org.apache.catalina.startup.VersionLoggerListener.log Server built:          Jan 18 2018 19:42:17 UTC
14-Feb-2018 14:19:58.553 INFO [main] org.apache.catalina.startup.VersionLoggerListener.log Server number:         9.0.4.0
14-Feb-2018 14:19:58.553 INFO [main] org.apache.catalina.startup.VersionLoggerListener.log OS Name:               Mac OS X
14-Feb-2018 14:19:58.553 INFO [main] org.apache.catalina.startup.VersionLoggerListener.log OS Version:            10.13.3
14-Feb-2018 14:19:58.553 INFO [main] org.apache.catalina.startup.VersionLoggerListener.log Architecture:          x86_64
14-Feb-2018 14:19:58.554 INFO [main] org.apache.catalina.startup.VersionLoggerListener.log Java Home:             /Library/Java/JavaVirtualMachines/jdk-9.0.1.jdk/Contents/Home
14-Feb-2018 14:19:58.554 INFO [main] org.apache.catalina.startup.VersionLoggerListener.log JVM Version:           9.0.1+11
14-Feb-2018 14:19:58.554 INFO [main] org.apache.catalina.startup.VersionLoggerListener.log JVM Vendor:            Oracle Corporation
14-Feb-2018 14:19:58.554 INFO [main] org.apache.catalina.startup.VersionLoggerListener.log CATALINA_BASE:         /Users/mithunvijayasekar/Documents/UC_Davis/4.SeniorYear/ECS_193/swq_viz_jena/MyDir/tomcat
14-Feb-2018 14:19:58.555 INFO [main] org.apache.catalina.startup.VersionLoggerListener.log CATALINA_HOME:         /Users/mithunvijayasekar/Documents/UC_Davis/4.SeniorYear/ECS_193/swq_viz_jena/MyDir/tomcat
14-Feb-2018 14:19:58.556 INFO [main] org.apache.catalina.startup.VersionLoggerListener.log Command line argument: --add-opens=java.base/java.lang=ALL-UNNAMED
14-Feb-2018 14:19:58.556 INFO [main] org.apache.catalina.startup.VersionLoggerListener.log Command line argument: --add-opens=java.rmi/sun.rmi.transport=ALL-UNNAMED
14-Feb-2018 14:19:58.556 INFO [main] org.apache.catalina.startup.VersionLoggerListener.log Command line argument: -Djava.util.logging.config.file=/Users/mithunvijayasekar/Documents/UC_Davis/4.SeniorYear/ECS_193/swq_viz_jena/MyDir/tomcat/conf/logging.properties
14-Feb-2018 14:19:58.557 INFO [main] org.apache.catalina.startup.VersionLoggerListener.log Command line argument: -Djava.util.logging.manager=org.apache.juli.ClassLoaderLogManager
14-Feb-2018 14:19:58.557 INFO [main] org.apache.catalina.startup.VersionLoggerListener.log Command line argument: -Djdk.tls.ephemeralDHKeySize=2048
14-Feb-2018 14:19:58.557 INFO [main] org.apache.catalina.startup.VersionLoggerListener.log Command line argument: -Djava.protocol.handler.pkgs=org.apache.catalina.webresources
14-Feb-2018 14:19:58.557 INFO [main] org.apache.catalina.startup.VersionLoggerListener.log Command line argument: -Dignore.endorsed.dirs=
14-Feb-2018 14:19:58.557 INFO [main] org.apache.catalina.startup.VersionLoggerListener.log Command line argument: -Dcatalina.base=/Users/mithunvijayasekar/Documents/UC_Davis/4.SeniorYear/ECS_193/swq_viz_jena/MyDir/tomcat
14-Feb-2018 14:19:58.558 INFO [main] org.apache.catalina.startup.VersionLoggerListener.log Command line argument: -Dcatalina.home=/Users/mithunvijayasekar/Documents/UC_Davis/4.SeniorYear/ECS_193/swq_viz_jena/MyDir/tomcat
14-Feb-2018 14:19:58.558 INFO [main] org.apache.catalina.startup.VersionLoggerListener.log Command line argument: -Djava.io.tmpdir=/Users/mithunvijayasekar/Documents/UC_Davis/4.SeniorYear/ECS_193/swq_viz_jena/MyDir/tomcat/temp
14-Feb-2018 14:19:58.558 INFO [main] org.apache.catalina.core.AprLifecycleListener.lifecycleEvent The APR based Apache Tomcat Native library which allows optimal performance in production environments was not found on the java.library.path: [/Users/mithunvijayasekar/Library/Java/Extensions:/Library/Java/Extensions:/Network/Library/Java/Extensions:/System/Library/Java/Extensions:/usr/lib/java:.]
14-Feb-2018 14:19:58.617 INFO [main] org.apache.coyote.AbstractProtocol.init Initializing ProtocolHandler ["http-nio-9999"]
14-Feb-2018 14:19:58.647 INFO [main] org.apache.tomcat.util.net.NioSelectorPool.getSharedSelector Using a shared selector for servlet write/read
14-Feb-2018 14:19:58.657 INFO [main] org.apache.coyote.AbstractProtocol.init Initializing ProtocolHandler ["ajp-nio-8009"]
14-Feb-2018 14:19:58.660 INFO [main] org.apache.tomcat.util.net.NioSelectorPool.getSharedSelector Using a shared selector for servlet write/read
14-Feb-2018 14:19:58.661 INFO [main] org.apache.catalina.startup.Catalina.load Initialization processed in 721 ms
14-Feb-2018 14:19:58.728 INFO [main] org.apache.catalina.core.StandardService.startInternal Starting service [Catalina]
14-Feb-2018 14:19:58.728 INFO [main] org.apache.catalina.core.StandardEngine.startInternal Starting Servlet Engine: Apache Tomcat/9.0.4
14-Feb-2018 14:19:58.741 INFO [main] org.apache.catalina.startup.HostConfig.deployDirectory Deploying web application directory [/Users/mithunvijayasekar/Documents/UC_Davis/4.SeniorYear/ECS_193/swq_viz_jena/MyDir/tomcat/webapps/docs]
14-Feb-2018 14:19:59.160 INFO [main] org.apache.catalina.startup.HostConfig.deployDirectory Deployment of web application directory [/Users/mithunvijayasekar/Documents/UC_Davis/4.SeniorYear/ECS_193/swq_viz_jena/MyDir/tomcat/webapps/docs] has finished in [419] ms
14-Feb-2018 14:19:59.161 INFO [main] org.apache.catalina.startup.HostConfig.deployDirectory Deploying web application directory [/Users/mithunvijayasekar/Documents/UC_Davis/4.SeniorYear/ECS_193/swq_viz_jena/MyDir/tomcat/webapps/manager]
14-Feb-2018 14:19:59.226 INFO [main] org.apache.catalina.startup.HostConfig.deployDirectory Deployment of web application directory [/Users/mithunvijayasekar/Documents/UC_Davis/4.SeniorYear/ECS_193/swq_viz_jena/MyDir/tomcat/webapps/manager] has finished in [65] ms
14-Feb-2018 14:19:59.227 INFO [main] org.apache.catalina.startup.HostConfig.deployDirectory Deploying web application directory [/Users/mithunvijayasekar/Documents/UC_Davis/4.SeniorYear/ECS_193/swq_viz_jena/MyDir/tomcat/webapps/examples]
14-Feb-2018 14:19:59.587 INFO [main] org.apache.catalina.startup.HostConfig.deployDirectory Deployment of web application directory [/Users/mithunvijayasekar/Documents/UC_Davis/4.SeniorYear/ECS_193/swq_viz_jena/MyDir/tomcat/webapps/examples] has finished in [360] ms
14-Feb-2018 14:19:59.588 INFO [main] org.apache.catalina.startup.HostConfig.deployDirectory Deploying web application directory [/Users/mithunvijayasekar/Documents/UC_Davis/4.SeniorYear/ECS_193/swq_viz_jena/MyDir/tomcat/webapps/ROOT]
14-Feb-2018 14:19:59.610 INFO [main] org.apache.catalina.startup.HostConfig.deployDirectory Deployment of web application directory [/Users/mithunvijayasekar/Documents/UC_Davis/4.SeniorYear/ECS_193/swq_viz_jena/MyDir/tomcat/webapps/ROOT] has finished in [21] ms
14-Feb-2018 14:19:59.611 INFO [main] org.apache.catalina.startup.HostConfig.deployDirectory Deploying web application directory [/Users/mithunvijayasekar/Documents/UC_Davis/4.SeniorYear/ECS_193/swq_viz_jena/MyDir/tomcat/webapps/hello]
14-Feb-2018 14:19:59.663 INFO [main] org.apache.catalina.startup.HostConfig.deployDirectory Deployment of web application directory [/Users/mithunvijayasekar/Documents/UC_Davis/4.SeniorYear/ECS_193/swq_viz_jena/MyDir/tomcat/webapps/hello] has finished in [51] ms
14-Feb-2018 14:19:59.663 INFO [main] org.apache.catalina.startup.HostConfig.deployDirectory Deploying web application directory [/Users/mithunvijayasekar/Documents/UC_Davis/4.SeniorYear/ECS_193/swq_viz_jena/MyDir/tomcat/webapps/host-manager]
14-Feb-2018 14:19:59.689 INFO [main] org.apache.catalina.startup.HostConfig.deployDirectory Deployment of web application directory [/Users/mithunvijayasekar/Documents/UC_Davis/4.SeniorYear/ECS_193/swq_viz_jena/MyDir/tomcat/webapps/host-manager] has finished in [26] ms
14-Feb-2018 14:19:59.692 INFO [main] org.apache.coyote.AbstractProtocol.start Starting ProtocolHandler ["http-nio-9999"]
14-Feb-2018 14:19:59.706 INFO [main] org.apache.coyote.AbstractProtocol.start Starting ProtocolHandler ["ajp-nio-8009"]
14-Feb-2018 14:19:59.710 INFO [main] org.apache.catalina.startup.Catalina.start Server startup in 1048 ms
14-Feb-2018 14:21:21.350 SEVERE [ajp-nio-8009-exec-1] org.apache.coyote.ajp.AjpMessage.processHeader Invalid message received with signature [18245]
14-Feb-2018 14:21:21.352 SEVERE [ajp-nio-8009-exec-2] org.apache.coyote.ajp.AjpMessage.processHeader Invalid message received with signature [18245]
14-Feb-2018 14:21:21.354 SEVERE [ajp-nio-8009-exec-3] org.apache.coyote.ajp.AjpMessage.processHeader Invalid message received with signature [18245]
14-Feb-2018 14:21:21.475 SEVERE [ajp-nio-8009-exec-4] org.apache.coyote.ajp.AjpMessage.processHeader Invalid message received with signature [18245]
14-Feb-2018 14:59:04.988 INFO [Thread-4] org.apache.coyote.AbstractProtocol.pause Pausing ProtocolHandler ["http-nio-9999"]
14-Feb-2018 14:59:05.053 INFO [Thread-4] org.apache.coyote.AbstractProtocol.pause Pausing ProtocolHandler ["ajp-nio-8009"]
14-Feb-2018 14:59:05.110 INFO [Thread-4] org.apache.catalina.core.StandardService.stopInternal Stopping service [Catalina]
14-Feb-2018 14:59:05.177 INFO [Thread-4] org.apache.coyote.AbstractProtocol.stop Stopping ProtocolHandler ["http-nio-9999"]
14-Feb-2018 14:59:05.183 INFO [Thread-4] org.apache.coyote.AbstractProtocol.stop Stopping ProtocolHandler ["ajp-nio-8009"]
14-Feb-2018 14:59:05.187 INFO [Thread-4] org.apache.coyote.AbstractProtocol.destroy Destroying ProtocolHandler ["http-nio-9999"]
14-Feb-2018 14:59:05.189 INFO [Thread-4] org.apache.coyote.AbstractProtocol.destroy Destroying ProtocolHandler ["ajp-nio-8009"]
14-Feb-2018 14:59:07.788 INFO [main] org.apache.catalina.startup.VersionLoggerListener.log Server version:        Apache Tomcat/9.0.4
14-Feb-2018 14:59:07.792 INFO [main] org.apache.catalina.startup.VersionLoggerListener.log Server built:          Jan 18 2018 19:42:17 UTC
14-Feb-2018 14:59:07.792 INFO [main] org.apache.catalina.startup.VersionLoggerListener.log Server number:         9.0.4.0
14-Feb-2018 14:59:07.792 INFO [main] org.apache.catalina.startup.VersionLoggerListener.log OS Name:               Mac OS X
14-Feb-2018 14:59:07.793 INFO [main] org.apache.catalina.startup.VersionLoggerListener.log OS Version:            10.13.3
14-Feb-2018 14:59:07.793 INFO [main] org.apache.catalina.startup.VersionLoggerListener.log Architecture:          x86_64
14-Feb-2018 14:59:07.793 INFO [main] org.apache.catalina.startup.VersionLoggerListener.log Java Home:             /Library/Java/JavaVirtualMachines/jdk-9.0.1.jdk/Contents/Home
14-Feb-2018 14:59:07.793 INFO [main] org.apache.catalina.startup.VersionLoggerListener.log JVM Version:           9.0.1+11
14-Feb-2018 14:59:07.794 INFO [main] org.apache.catalina.startup.VersionLoggerListener.log JVM Vendor:            Oracle Corporation
14-Feb-2018 14:59:07.794 INFO [main] org.apache.catalina.startup.VersionLoggerListener.log CATALINA_BASE:         /Users/mithunvijayasekar/Documents/UC_Davis/4.SeniorYear/ECS_193/swq_viz_jena/MyDir/tomcat
14-Feb-2018 14:59:07.794 INFO [main] org.apache.catalina.startup.VersionLoggerListener.log CATALINA_HOME:         /Users/mithunvijayasekar/Documents/UC_Davis/4.SeniorYear/ECS_193/swq_viz_jena/MyDir/tomcat
14-Feb-2018 14:59:07.796 INFO [main] org.apache.catalina.startup.VersionLoggerListener.log Command line argument: --add-opens=java.base/java.lang=ALL-UNNAMED
14-Feb-2018 14:59:07.796 INFO [main] org.apache.catalina.startup.VersionLoggerListener.log Command line argument: --add-opens=java.rmi/sun.rmi.transport=ALL-UNNAMED
14-Feb-2018 14:59:07.796 INFO [main] org.apache.catalina.startup.VersionLoggerListener.log Command line argument: -Djava.util.logging.config.file=/Users/mithunvijayasekar/Documents/UC_Davis/4.SeniorYear/ECS_193/swq_viz_jena/MyDir/tomcat/conf/logging.properties
14-Feb-2018 14:59:07.796 INFO [main] org.apache.catalina.startup.VersionLoggerListener.log Command line argument: -Djava.util.logging.manager=org.apache.juli.ClassLoaderLogManager
14-Feb-2018 14:59:07.796 INFO [main] org.apache.catalina.startup.VersionLoggerListener.log Command line argument: -Djdk.tls.ephemeralDHKeySize=2048
14-Feb-2018 14:59:07.797 INFO [main] org.apache.catalina.startup.VersionLoggerListener.log Command line argument: -Djava.protocol.handler.pkgs=org.apache.catalina.webresources
14-Feb-2018 14:59:07.797 INFO [main] org.apache.catalina.startup.VersionLoggerListener.log Command line argument: -Dignore.endorsed.dirs=
14-Feb-2018 14:59:07.797 INFO [main] org.apache.catalina.startup.VersionLoggerListener.log Command line argument: -Dcatalina.base=/Users/mithunvijayasekar/Documents/UC_Davis/4.SeniorYear/ECS_193/swq_viz_jena/MyDir/tomcat
14-Feb-2018 14:59:07.797 INFO [main] org.apache.catalina.startup.VersionLoggerListener.log Command line argument: -Dcatalina.home=/Users/mithunvijayasekar/Documents/UC_Davis/4.SeniorYear/ECS_193/swq_viz_jena/MyDir/tomcat
14-Feb-2018 14:59:07.797 INFO [main] org.apache.catalina.startup.VersionLoggerListener.log Command line argument: -Djava.io.tmpdir=/Users/mithunvijayasekar/Documents/UC_Davis/4.SeniorYear/ECS_193/swq_viz_jena/MyDir/tomcat/temp
14-Feb-2018 14:59:07.797 INFO [main] org.apache.catalina.core.AprLifecycleListener.lifecycleEvent The APR based Apache Tomcat Native library which allows optimal performance in production environments was not found on the java.library.path: [/Users/mithunvijayasekar/Library/Java/Extensions:/Library/Java/Extensions:/Network/Library/Java/Extensions:/System/Library/Java/Extensions:/usr/lib/java:.]
14-Feb-2018 14:59:07.857 INFO [main] org.apache.coyote.AbstractProtocol.init Initializing ProtocolHandler ["http-nio-9999"]
14-Feb-2018 14:59:07.892 INFO [main] org.apache.tomcat.util.net.NioSelectorPool.getSharedSelector Using a shared selector for servlet write/read
14-Feb-2018 14:59:07.902 INFO [main] org.apache.coyote.AbstractProtocol.init Initializing ProtocolHandler ["ajp-nio-8009"]
14-Feb-2018 14:59:07.904 INFO [main] org.apache.tomcat.util.net.NioSelectorPool.getSharedSelector Using a shared selector for servlet write/read
14-Feb-2018 14:59:07.905 INFO [main] org.apache.catalina.startup.Catalina.load Initialization processed in 763 ms
14-Feb-2018 14:59:08.007 INFO [main] org.apache.catalina.core.StandardService.startInternal Starting service [Catalina]
14-Feb-2018 14:59:08.008 INFO [main] org.apache.catalina.core.StandardEngine.startInternal Starting Servlet Engine: Apache Tomcat/9.0.4
14-Feb-2018 14:59:08.020 INFO [main] org.apache.catalina.startup.HostConfig.deployDirectory Deploying web application directory [/Users/mithunvijayasekar/Documents/UC_Davis/4.SeniorYear/ECS_193/swq_viz_jena/MyDir/tomcat/webapps/docs]
14-Feb-2018 14:59:08.485 INFO [main] org.apache.catalina.startup.HostConfig.deployDirectory Deployment of web application directory [/Users/mithunvijayasekar/Documents/UC_Davis/4.SeniorYear/ECS_193/swq_viz_jena/MyDir/tomcat/webapps/docs] has finished in [464] ms
14-Feb-2018 14:59:08.486 INFO [main] org.apache.catalina.startup.HostConfig.deployDirectory Deploying web application directory [/Users/mithunvijayasekar/Documents/UC_Davis/4.SeniorYear/ECS_193/swq_viz_jena/MyDir/tomcat/webapps/manager]
14-Feb-2018 14:59:08.545 INFO [main] org.apache.catalina.startup.HostConfig.deployDirectory Deployment of web application directory [/Users/mithunvijayasekar/Documents/UC_Davis/4.SeniorYear/ECS_193/swq_viz_jena/MyDir/tomcat/webapps/manager] has finished in [60] ms
14-Feb-2018 14:59:08.545 INFO [main] org.apache.catalina.startup.HostConfig.deployDirectory Deploying web application directory [/Users/mithunvijayasekar/Documents/UC_Davis/4.SeniorYear/ECS_193/swq_viz_jena/MyDir/tomcat/webapps/examples]
14-Feb-2018 14:59:08.892 INFO [main] org.apache.catalina.startup.HostConfig.deployDirectory Deployment of web application directory [/Users/mithunvijayasekar/Documents/UC_Davis/4.SeniorYear/ECS_193/swq_viz_jena/MyDir/tomcat/webapps/examples] has finished in [347] ms
14-Feb-2018 14:59:08.892 INFO [main] org.apache.catalina.startup.HostConfig.deployDirectory Deploying web application directory [/Users/mithunvijayasekar/Documents/UC_Davis/4.SeniorYear/ECS_193/swq_viz_jena/MyDir/tomcat/webapps/ROOT]
14-Feb-2018 14:59:08.912 INFO [main] org.apache.catalina.startup.HostConfig.deployDirectory Deployment of web application directory [/Users/mithunvijayasekar/Documents/UC_Davis/4.SeniorYear/ECS_193/swq_viz_jena/MyDir/tomcat/webapps/ROOT] has finished in [20] ms
14-Feb-2018 14:59:08.913 INFO [main] org.apache.catalina.startup.HostConfig.deployDirectory Deploying web application directory [/Users/mithunvijayasekar/Documents/UC_Davis/4.SeniorYear/ECS_193/swq_viz_jena/MyDir/tomcat/webapps/hello]
14-Feb-2018 14:59:08.970 INFO [main] org.apache.catalina.startup.HostConfig.deployDirectory Deployment of web application directory [/Users/mithunvijayasekar/Documents/UC_Davis/4.SeniorYear/ECS_193/swq_viz_jena/MyDir/tomcat/webapps/hello] has finished in [57] ms
14-Feb-2018 14:59:08.971 INFO [main] org.apache.catalina.startup.HostConfig.deployDirectory Deploying web application directory [/Users/mithunvijayasekar/Documents/UC_Davis/4.SeniorYear/ECS_193/swq_viz_jena/MyDir/tomcat/webapps/host-manager]
14-Feb-2018 14:59:09.007 INFO [main] org.apache.catalina.startup.HostConfig.deployDirectory Deployment of web application directory [/Users/mithunvijayasekar/Documents/UC_Davis/4.SeniorYear/ECS_193/swq_viz_jena/MyDir/tomcat/webapps/host-manager] has finished in [36] ms
14-Feb-2018 14:59:09.012 INFO [main] org.apache.coyote.AbstractProtocol.start Starting ProtocolHandler ["http-nio-9999"]
14-Feb-2018 14:59:09.026 INFO [main] org.apache.coyote.AbstractProtocol.start Starting ProtocolHandler ["ajp-nio-8009"]
14-Feb-2018 14:59:09.029 INFO [main] org.apache.catalina.startup.Catalina.start Server startup in 1123 ms
14-Feb-2018 15:05:31.207 INFO [Thread-4] org.apache.coyote.AbstractProtocol.pause Pausing ProtocolHandler ["http-nio-9999"]
14-Feb-2018 15:05:31.264 INFO [Thread-4] org.apache.coyote.AbstractProtocol.pause Pausing ProtocolHandler ["ajp-nio-8009"]
14-Feb-2018 15:05:31.319 INFO [Thread-4] org.apache.catalina.core.StandardService.stopInternal Stopping service [Catalina]
14-Feb-2018 15:05:31.370 INFO [Thread-4] org.apache.coyote.AbstractProtocol.stop Stopping ProtocolHandler ["http-nio-9999"]
14-Feb-2018 15:05:31.382 INFO [Thread-4] org.apache.coyote.AbstractProtocol.stop Stopping ProtocolHandler ["ajp-nio-8009"]
14-Feb-2018 15:05:31.386 INFO [Thread-4] org.apache.coyote.AbstractProtocol.destroy Destroying ProtocolHandler ["http-nio-9999"]
14-Feb-2018 15:05:31.390 INFO [Thread-4] org.apache.coyote.AbstractProtocol.destroy Destroying ProtocolHandler ["ajp-nio-8009"]
