12-Feb-2018 14:02:56.942 INFO [main] org.apache.catalina.startup.VersionLoggerListener.log Server version:        Apache Tomcat/9.0.4
12-Feb-2018 14:02:56.948 INFO [main] org.apache.catalina.startup.VersionLoggerListener.log Server built:          Jan 18 2018 19:42:17 UTC
12-Feb-2018 14:02:56.948 INFO [main] org.apache.catalina.startup.VersionLoggerListener.log Server number:         9.0.4.0
12-Feb-2018 14:02:56.949 INFO [main] org.apache.catalina.startup.VersionLoggerListener.log OS Name:               Mac OS X
12-Feb-2018 14:02:56.949 INFO [main] org.apache.catalina.startup.VersionLoggerListener.log OS Version:            10.12.6
12-Feb-2018 14:02:56.949 INFO [main] org.apache.catalina.startup.VersionLoggerListener.log Architecture:          x86_64
12-Feb-2018 14:02:56.949 INFO [main] org.apache.catalina.startup.VersionLoggerListener.log Java Home:             /Library/Java/JavaVirtualMachines/jdk1.8.0_131.jdk/Contents/Home/jre
12-Feb-2018 14:02:56.949 INFO [main] org.apache.catalina.startup.VersionLoggerListener.log JVM Version:           1.8.0_131-b11
12-Feb-2018 14:02:56.949 INFO [main] org.apache.catalina.startup.VersionLoggerListener.log JVM Vendor:            Oracle Corporation
12-Feb-2018 14:02:56.949 INFO [main] org.apache.catalina.startup.VersionLoggerListener.log CATALINA_BASE:         /Users/Nishant/Documents/UCD/UCD Senior/ECS 193A/Project/swq_viz_jena/MyDir/tomcat
12-Feb-2018 14:02:56.949 INFO [main] org.apache.catalina.startup.VersionLoggerListener.log CATALINA_HOME:         /Users/Nishant/Documents/UCD/UCD Senior/ECS 193A/Project/swq_viz_jena/MyDir/tomcat
12-Feb-2018 14:02:56.950 INFO [main] org.apache.catalina.startup.VersionLoggerListener.log Command line argument: -Djava.util.logging.config.file=/Users/Nishant/Documents/UCD/UCD Senior/ECS 193A/Project/swq_viz_jena/MyDir/tomcat/conf/logging.properties
12-Feb-2018 14:02:56.950 INFO [main] org.apache.catalina.startup.VersionLoggerListener.log Command line argument: -Djava.util.logging.manager=org.apache.juli.ClassLoaderLogManager
12-Feb-2018 14:02:56.950 INFO [main] org.apache.catalina.startup.VersionLoggerListener.log Command line argument: -Djdk.tls.ephemeralDHKeySize=2048
12-Feb-2018 14:02:56.951 INFO [main] org.apache.catalina.startup.VersionLoggerListener.log Command line argument: -Djava.protocol.handler.pkgs=org.apache.catalina.webresources
12-Feb-2018 14:02:56.951 INFO [main] org.apache.catalina.startup.VersionLoggerListener.log Command line argument: -Dignore.endorsed.dirs=
12-Feb-2018 14:02:56.951 INFO [main] org.apache.catalina.startup.VersionLoggerListener.log Command line argument: -Dcatalina.base=/Users/Nishant/Documents/UCD/UCD Senior/ECS 193A/Project/swq_viz_jena/MyDir/tomcat
12-Feb-2018 14:02:56.951 INFO [main] org.apache.catalina.startup.VersionLoggerListener.log Command line argument: -Dcatalina.home=/Users/Nishant/Documents/UCD/UCD Senior/ECS 193A/Project/swq_viz_jena/MyDir/tomcat
12-Feb-2018 14:02:56.951 INFO [main] org.apache.catalina.startup.VersionLoggerListener.log Command line argument: -Djava.io.tmpdir=/Users/Nishant/Documents/UCD/UCD Senior/ECS 193A/Project/swq_viz_jena/MyDir/tomcat/temp
12-Feb-2018 14:02:56.951 INFO [main] org.apache.catalina.core.AprLifecycleListener.lifecycleEvent The APR based Apache Tomcat Native library which allows optimal performance in production environments was not found on the java.library.path: [/Users/Nishant/Library/Java/Extensions:/Library/Java/Extensions:/Network/Library/Java/Extensions:/System/Library/Java/Extensions:/usr/lib/java:.]
12-Feb-2018 14:02:57.141 INFO [main] org.apache.coyote.AbstractProtocol.init Initializing ProtocolHandler ["http-nio-9999"]
12-Feb-2018 14:02:57.170 INFO [main] org.apache.tomcat.util.net.NioSelectorPool.getSharedSelector Using a shared selector for servlet write/read
12-Feb-2018 14:02:57.179 INFO [main] org.apache.coyote.AbstractProtocol.init Initializing ProtocolHandler ["ajp-nio-8009"]
12-Feb-2018 14:02:57.180 INFO [main] org.apache.tomcat.util.net.NioSelectorPool.getSharedSelector Using a shared selector for servlet write/read
12-Feb-2018 14:02:57.180 INFO [main] org.apache.catalina.startup.Catalina.load Initialization processed in 718 ms
12-Feb-2018 14:02:57.210 INFO [main] org.apache.catalina.core.StandardService.startInternal Starting service [Catalina]
12-Feb-2018 14:02:57.211 INFO [main] org.apache.catalina.core.StandardEngine.startInternal Starting Servlet Engine: Apache Tomcat/9.0.4
12-Feb-2018 14:02:57.218 INFO [main] org.apache.catalina.startup.HostConfig.deployDirectory Deploying web application directory [/Users/Nishant/Documents/UCD/UCD Senior/ECS 193A/Project/swq_viz_jena/MyDir/tomcat/webapps/docs]
12-Feb-2018 14:02:57.562 INFO [main] org.apache.catalina.startup.HostConfig.deployDirectory Deployment of web application directory [/Users/Nishant/Documents/UCD/UCD Senior/ECS 193A/Project/swq_viz_jena/MyDir/tomcat/webapps/docs] has finished in [343] ms
12-Feb-2018 14:02:57.562 INFO [main] org.apache.catalina.startup.HostConfig.deployDirectory Deploying web application directory [/Users/Nishant/Documents/UCD/UCD Senior/ECS 193A/Project/swq_viz_jena/MyDir/tomcat/webapps/examples]
12-Feb-2018 14:02:57.808 INFO [main] org.apache.catalina.startup.HostConfig.deployDirectory Deployment of web application directory [/Users/Nishant/Documents/UCD/UCD Senior/ECS 193A/Project/swq_viz_jena/MyDir/tomcat/webapps/examples] has finished in [246] ms
12-Feb-2018 14:02:57.808 INFO [main] org.apache.catalina.startup.HostConfig.deployDirectory Deploying web application directory [/Users/Nishant/Documents/UCD/UCD Senior/ECS 193A/Project/swq_viz_jena/MyDir/tomcat/webapps/host-manager]
12-Feb-2018 14:02:57.831 INFO [main] org.apache.catalina.startup.HostConfig.deployDirectory Deployment of web application directory [/Users/Nishant/Documents/UCD/UCD Senior/ECS 193A/Project/swq_viz_jena/MyDir/tomcat/webapps/host-manager] has finished in [23] ms
12-Feb-2018 14:02:57.831 INFO [main] org.apache.catalina.startup.HostConfig.deployDirectory Deploying web application directory [/Users/Nishant/Documents/UCD/UCD Senior/ECS 193A/Project/swq_viz_jena/MyDir/tomcat/webapps/manager]
12-Feb-2018 14:02:57.846 INFO [main] org.apache.catalina.startup.HostConfig.deployDirectory Deployment of web application directory [/Users/Nishant/Documents/UCD/UCD Senior/ECS 193A/Project/swq_viz_jena/MyDir/tomcat/webapps/manager] has finished in [15] ms
12-Feb-2018 14:02:57.847 INFO [main] org.apache.catalina.startup.HostConfig.deployDirectory Deploying web application directory [/Users/Nishant/Documents/UCD/UCD Senior/ECS 193A/Project/swq_viz_jena/MyDir/tomcat/webapps/ROOT]
12-Feb-2018 14:02:57.859 INFO [main] org.apache.catalina.startup.HostConfig.deployDirectory Deployment of web application directory [/Users/Nishant/Documents/UCD/UCD Senior/ECS 193A/Project/swq_viz_jena/MyDir/tomcat/webapps/ROOT] has finished in [12] ms
12-Feb-2018 14:02:57.861 INFO [main] org.apache.coyote.AbstractProtocol.start Starting ProtocolHandler ["http-nio-9999"]
12-Feb-2018 14:02:57.869 INFO [main] org.apache.coyote.AbstractProtocol.start Starting ProtocolHandler ["ajp-nio-8009"]
12-Feb-2018 14:02:57.871 INFO [main] org.apache.catalina.startup.Catalina.start Server startup in 690 ms
12-Feb-2018 14:04:05.903 INFO [Thread-5] org.apache.coyote.AbstractProtocol.pause Pausing ProtocolHandler ["http-nio-9999"]
12-Feb-2018 14:04:05.966 INFO [Thread-5] org.apache.coyote.AbstractProtocol.pause Pausing ProtocolHandler ["ajp-nio-8009"]
12-Feb-2018 14:04:06.021 INFO [Thread-5] org.apache.catalina.core.StandardService.stopInternal Stopping service [Catalina]
12-Feb-2018 14:04:06.045 INFO [Thread-5] org.apache.coyote.AbstractProtocol.stop Stopping ProtocolHandler ["http-nio-9999"]
12-Feb-2018 14:04:06.047 INFO [Thread-5] org.apache.coyote.AbstractProtocol.stop Stopping ProtocolHandler ["ajp-nio-8009"]
12-Feb-2018 14:04:06.053 INFO [Thread-5] org.apache.coyote.AbstractProtocol.destroy Destroying ProtocolHandler ["http-nio-9999"]
12-Feb-2018 14:04:06.055 INFO [Thread-5] org.apache.coyote.AbstractProtocol.destroy Destroying ProtocolHandler ["ajp-nio-8009"]
12-Feb-2018 14:06:10.405 INFO [main] org.apache.catalina.startup.VersionLoggerListener.log Server version:        Apache Tomcat/9.0.4
12-Feb-2018 14:06:10.411 INFO [main] org.apache.catalina.startup.VersionLoggerListener.log Server built:          Jan 18 2018 19:42:17 UTC
12-Feb-2018 14:06:10.412 INFO [main] org.apache.catalina.startup.VersionLoggerListener.log Server number:         9.0.4.0
12-Feb-2018 14:06:10.412 INFO [main] org.apache.catalina.startup.VersionLoggerListener.log OS Name:               Mac OS X
12-Feb-2018 14:06:10.412 INFO [main] org.apache.catalina.startup.VersionLoggerListener.log OS Version:            10.12.6
12-Feb-2018 14:06:10.412 INFO [main] org.apache.catalina.startup.VersionLoggerListener.log Architecture:          x86_64
12-Feb-2018 14:06:10.412 INFO [main] org.apache.catalina.startup.VersionLoggerListener.log Java Home:             /Library/Java/JavaVirtualMachines/jdk1.8.0_131.jdk/Contents/Home/jre
12-Feb-2018 14:06:10.412 INFO [main] org.apache.catalina.startup.VersionLoggerListener.log JVM Version:           1.8.0_131-b11
12-Feb-2018 14:06:10.412 INFO [main] org.apache.catalina.startup.VersionLoggerListener.log JVM Vendor:            Oracle Corporation
12-Feb-2018 14:06:10.412 INFO [main] org.apache.catalina.startup.VersionLoggerListener.log CATALINA_BASE:         /Users/Nishant/Documents/UCD/UCD Senior/ECS 193A/Project/swq_viz_jena/MyDir/tomcat
12-Feb-2018 14:06:10.413 INFO [main] org.apache.catalina.startup.VersionLoggerListener.log CATALINA_HOME:         /Users/Nishant/Documents/UCD/UCD Senior/ECS 193A/Project/swq_viz_jena/MyDir/tomcat
12-Feb-2018 14:06:10.413 INFO [main] org.apache.catalina.startup.VersionLoggerListener.log Command line argument: -Djava.util.logging.config.file=/Users/Nishant/Documents/UCD/UCD Senior/ECS 193A/Project/swq_viz_jena/MyDir/tomcat/conf/logging.properties
12-Feb-2018 14:06:10.413 INFO [main] org.apache.catalina.startup.VersionLoggerListener.log Command line argument: -Djava.util.logging.manager=org.apache.juli.ClassLoaderLogManager
12-Feb-2018 14:06:10.414 INFO [main] org.apache.catalina.startup.VersionLoggerListener.log Command line argument: -Djdk.tls.ephemeralDHKeySize=2048
12-Feb-2018 14:06:10.414 INFO [main] org.apache.catalina.startup.VersionLoggerListener.log Command line argument: -Djava.protocol.handler.pkgs=org.apache.catalina.webresources
12-Feb-2018 14:06:10.414 INFO [main] org.apache.catalina.startup.VersionLoggerListener.log Command line argument: -Dignore.endorsed.dirs=
12-Feb-2018 14:06:10.414 INFO [main] org.apache.catalina.startup.VersionLoggerListener.log Command line argument: -Dcatalina.base=/Users/Nishant/Documents/UCD/UCD Senior/ECS 193A/Project/swq_viz_jena/MyDir/tomcat
12-Feb-2018 14:06:10.414 INFO [main] org.apache.catalina.startup.VersionLoggerListener.log Command line argument: -Dcatalina.home=/Users/Nishant/Documents/UCD/UCD Senior/ECS 193A/Project/swq_viz_jena/MyDir/tomcat
12-Feb-2018 14:06:10.414 INFO [main] org.apache.catalina.startup.VersionLoggerListener.log Command line argument: -Djava.io.tmpdir=/Users/Nishant/Documents/UCD/UCD Senior/ECS 193A/Project/swq_viz_jena/MyDir/tomcat/temp
12-Feb-2018 14:06:10.414 INFO [main] org.apache.catalina.core.AprLifecycleListener.lifecycleEvent The APR based Apache Tomcat Native library which allows optimal performance in production environments was not found on the java.library.path: [/Users/Nishant/Library/Java/Extensions:/Library/Java/Extensions:/Network/Library/Java/Extensions:/System/Library/Java/Extensions:/usr/lib/java:.]
12-Feb-2018 14:06:10.609 INFO [main] org.apache.coyote.AbstractProtocol.init Initializing ProtocolHandler ["http-nio-9999"]
12-Feb-2018 14:06:10.642 INFO [main] org.apache.tomcat.util.net.NioSelectorPool.getSharedSelector Using a shared selector for servlet write/read
12-Feb-2018 14:06:10.650 INFO [main] org.apache.coyote.AbstractProtocol.init Initializing ProtocolHandler ["ajp-nio-8009"]
12-Feb-2018 14:06:10.650 INFO [main] org.apache.tomcat.util.net.NioSelectorPool.getSharedSelector Using a shared selector for servlet write/read
12-Feb-2018 14:06:10.651 INFO [main] org.apache.catalina.startup.Catalina.load Initialization processed in 728 ms
12-Feb-2018 14:06:10.679 INFO [main] org.apache.catalina.core.StandardService.startInternal Starting service [Catalina]
12-Feb-2018 14:06:10.679 INFO [main] org.apache.catalina.core.StandardEngine.startInternal Starting Servlet Engine: Apache Tomcat/9.0.4
12-Feb-2018 14:06:10.687 INFO [main] org.apache.catalina.startup.HostConfig.deployDirectory Deploying web application directory [/Users/Nishant/Documents/UCD/UCD Senior/ECS 193A/Project/swq_viz_jena/MyDir/tomcat/webapps/docs]
12-Feb-2018 14:06:11.020 INFO [main] org.apache.catalina.startup.HostConfig.deployDirectory Deployment of web application directory [/Users/Nishant/Documents/UCD/UCD Senior/ECS 193A/Project/swq_viz_jena/MyDir/tomcat/webapps/docs] has finished in [333] ms
12-Feb-2018 14:06:11.021 INFO [main] org.apache.catalina.startup.HostConfig.deployDirectory Deploying web application directory [/Users/Nishant/Documents/UCD/UCD Senior/ECS 193A/Project/swq_viz_jena/MyDir/tomcat/webapps/examples]
12-Feb-2018 14:06:11.276 INFO [main] org.apache.catalina.startup.HostConfig.deployDirectory Deployment of web application directory [/Users/Nishant/Documents/UCD/UCD Senior/ECS 193A/Project/swq_viz_jena/MyDir/tomcat/webapps/examples] has finished in [255] ms
12-Feb-2018 14:06:11.277 INFO [main] org.apache.catalina.startup.HostConfig.deployDirectory Deploying web application directory [/Users/Nishant/Documents/UCD/UCD Senior/ECS 193A/Project/swq_viz_jena/MyDir/tomcat/webapps/hello]
12-Feb-2018 14:06:11.295 INFO [main] org.apache.catalina.startup.HostConfig.deployDirectory Deployment of web application directory [/Users/Nishant/Documents/UCD/UCD Senior/ECS 193A/Project/swq_viz_jena/MyDir/tomcat/webapps/hello] has finished in [19] ms
12-Feb-2018 14:06:11.296 INFO [main] org.apache.catalina.startup.HostConfig.deployDirectory Deploying web application directory [/Users/Nishant/Documents/UCD/UCD Senior/ECS 193A/Project/swq_viz_jena/MyDir/tomcat/webapps/host-manager]
12-Feb-2018 14:06:11.316 INFO [main] org.apache.catalina.startup.HostConfig.deployDirectory Deployment of web application directory [/Users/Nishant/Documents/UCD/UCD Senior/ECS 193A/Project/swq_viz_jena/MyDir/tomcat/webapps/host-manager] has finished in [21] ms
12-Feb-2018 14:06:11.316 INFO [main] org.apache.catalina.startup.HostConfig.deployDirectory Deploying web application directory [/Users/Nishant/Documents/UCD/UCD Senior/ECS 193A/Project/swq_viz_jena/MyDir/tomcat/webapps/manager]
12-Feb-2018 14:06:11.337 INFO [main] org.apache.catalina.startup.HostConfig.deployDirectory Deployment of web application directory [/Users/Nishant/Documents/UCD/UCD Senior/ECS 193A/Project/swq_viz_jena/MyDir/tomcat/webapps/manager] has finished in [21] ms
12-Feb-2018 14:06:11.337 INFO [main] org.apache.catalina.startup.HostConfig.deployDirectory Deploying web application directory [/Users/Nishant/Documents/UCD/UCD Senior/ECS 193A/Project/swq_viz_jena/MyDir/tomcat/webapps/ROOT]
12-Feb-2018 14:06:11.350 INFO [main] org.apache.catalina.startup.HostConfig.deployDirectory Deployment of web application directory [/Users/Nishant/Documents/UCD/UCD Senior/ECS 193A/Project/swq_viz_jena/MyDir/tomcat/webapps/ROOT] has finished in [13] ms
12-Feb-2018 14:06:11.353 INFO [main] org.apache.coyote.AbstractProtocol.start Starting ProtocolHandler ["http-nio-9999"]
12-Feb-2018 14:06:11.360 INFO [main] org.apache.coyote.AbstractProtocol.start Starting ProtocolHandler ["ajp-nio-8009"]
12-Feb-2018 14:06:11.362 INFO [main] org.apache.catalina.startup.Catalina.start Server startup in 710 ms
12-Feb-2018 14:08:30.497 INFO [Thread-5] org.apache.coyote.AbstractProtocol.pause Pausing ProtocolHandler ["http-nio-9999"]
12-Feb-2018 14:08:30.502 INFO [Thread-5] org.apache.coyote.AbstractProtocol.pause Pausing ProtocolHandler ["ajp-nio-8009"]
12-Feb-2018 14:08:30.557 INFO [Thread-5] org.apache.catalina.core.StandardService.stopInternal Stopping service [Catalina]
12-Feb-2018 14:08:30.583 INFO [Thread-5] org.apache.coyote.AbstractProtocol.stop Stopping ProtocolHandler ["http-nio-9999"]
12-Feb-2018 14:08:30.585 INFO [Thread-5] org.apache.coyote.AbstractProtocol.stop Stopping ProtocolHandler ["ajp-nio-8009"]
12-Feb-2018 14:08:30.586 INFO [Thread-5] org.apache.coyote.AbstractProtocol.destroy Destroying ProtocolHandler ["http-nio-9999"]
12-Feb-2018 14:08:30.596 INFO [Thread-5] org.apache.coyote.AbstractProtocol.destroy Destroying ProtocolHandler ["ajp-nio-8009"]
