13-Feb-2018 15:43:23.346 INFO [main] org.apache.catalina.core.ApplicationContext.log ContextListener: contextInitialized()
13-Feb-2018 15:43:23.346 INFO [main] org.apache.catalina.core.ApplicationContext.log SessionListener: contextInitialized()
13-Feb-2018 15:43:23.347 INFO [main] org.apache.catalina.core.ApplicationContext.log ContextListener: attributeAdded('StockTicker', 'async.Stockticker@36fc695d')
13-Feb-2018 16:04:52.932 INFO [main] org.apache.catalina.core.ApplicationContext.log SessionListener: contextDestroyed()
13-Feb-2018 16:04:52.932 INFO [main] org.apache.catalina.core.ApplicationContext.log ContextListener: contextDestroyed()
13-Feb-2018 16:05:09.889 INFO [main] org.apache.catalina.core.ApplicationContext.log ContextListener: contextInitialized()
13-Feb-2018 16:05:09.889 INFO [main] org.apache.catalina.core.ApplicationContext.log SessionListener: contextInitialized()
13-Feb-2018 16:05:09.890 INFO [main] org.apache.catalina.core.ApplicationContext.log ContextListener: attributeAdded('StockTicker', 'async.Stockticker@28701274')
13-Feb-2018 16:05:12.195 INFO [main] org.apache.catalina.core.ApplicationContext.log ContextListener: contextInitialized()
13-Feb-2018 16:05:12.195 INFO [main] org.apache.catalina.core.ApplicationContext.log SessionListener: contextInitialized()
13-Feb-2018 16:05:12.197 INFO [main] org.apache.catalina.core.ApplicationContext.log ContextListener: attributeAdded('StockTicker', 'async.Stockticker@30c15d8b')
13-Feb-2018 16:05:12.276 INFO [main] org.apache.catalina.core.ApplicationContext.log SessionListener: contextDestroyed()
13-Feb-2018 16:05:12.276 INFO [main] org.apache.catalina.core.ApplicationContext.log ContextListener: contextDestroyed()
13-Feb-2018 16:05:15.504 INFO [main] org.apache.catalina.core.ApplicationContext.log SessionListener: contextDestroyed()
13-Feb-2018 16:05:15.504 INFO [main] org.apache.catalina.core.ApplicationContext.log ContextListener: contextDestroyed()
13-Feb-2018 16:05:27.294 INFO [main] org.apache.catalina.core.ApplicationContext.log ContextListener: contextInitialized()
13-Feb-2018 16:05:27.295 INFO [main] org.apache.catalina.core.ApplicationContext.log SessionListener: contextInitialized()
13-Feb-2018 16:05:27.296 INFO [main] org.apache.catalina.core.ApplicationContext.log ContextListener: attributeAdded('StockTicker', 'async.Stockticker@28701274')
13-Feb-2018 17:23:28.723 INFO [main] org.apache.catalina.core.ApplicationContext.log SessionListener: contextDestroyed()
13-Feb-2018 17:23:28.723 INFO [main] org.apache.catalina.core.ApplicationContext.log ContextListener: contextDestroyed()
13-Feb-2018 17:23:32.976 INFO [main] org.apache.catalina.core.ApplicationContext.log ContextListener: contextInitialized()
13-Feb-2018 17:23:32.976 INFO [main] org.apache.catalina.core.ApplicationContext.log SessionListener: contextInitialized()
13-Feb-2018 17:23:32.977 INFO [main] org.apache.catalina.core.ApplicationContext.log ContextListener: attributeAdded('StockTicker', 'async.Stockticker@28701274')
13-Feb-2018 17:23:49.330 INFO [Thread-5] org.apache.catalina.core.ApplicationContext.log SessionListener: contextDestroyed()
13-Feb-2018 17:23:49.331 INFO [Thread-5] org.apache.catalina.core.ApplicationContext.log ContextListener: contextDestroyed()
